

============================== 2023-05-12 06:24:15.432448 | 5c3027fd-170e-4345-9f4e-8801dd0010f5 ==============================
[0m06:24:15.432470 [info ] [MainThread]: Running with dbt=1.3.1
[0m06:24:15.433075 [debug] [MainThread]: running dbt with arguments {'write_json': True, 'use_colors': True, 'printer_width': 80, 'version_check': True, 'partial_parse': True, 'static_parser': True, 'profiles_dir': '/Users/allentsai/.dbt', 'send_anonymous_usage_stats': True, 'event_buffer_size': 100000, 'quiet': False, 'no_print': False, 'skip_profile_setup': False, 'which': 'init', 'indirect_selection': 'eager'}
[0m06:24:15.433619 [debug] [MainThread]: Tracking: tracking
[0m06:24:15.486128 [debug] [MainThread]: Sending event: {'category': 'dbt', 'action': 'invocation', 'label': 'start', 'context': [<snowplow_tracker.self_describing_json.SelfDescribingJson object at 0x10b4f61d0>, <snowplow_tracker.self_describing_json.SelfDescribingJson object at 0x10b4f7400>, <snowplow_tracker.self_describing_json.SelfDescribingJson object at 0x10b52aa70>]}
[0m06:24:26.351194 [debug] [MainThread]: Starter project path: /Library/Frameworks/Python.framework/Versions/3.10/lib/python3.10/site-packages/dbt/include/starter_project
[0m06:24:29.409725 [info ] [MainThread]: No sample profile found for sqlserver.
[0m06:24:29.410192 [info ] [MainThread]: 
Your new dbt project "jaffle_shop" was created!

For more information on how to configure the profiles.yml file,
please consult the dbt documentation here:

  https://docs.getdbt.com/docs/configure-your-profile

One more thing:

Need help? Don't hesitate to reach out to us via GitHub issues or on Slack:

  https://community.getdbt.com/

Happy modeling!

[0m06:24:29.410887 [debug] [MainThread]: Sending event: {'category': 'dbt', 'action': 'invocation', 'label': 'end', 'context': [<snowplow_tracker.self_describing_json.SelfDescribingJson object at 0x10b52a680>, <snowplow_tracker.self_describing_json.SelfDescribingJson object at 0x10b52a7a0>, <snowplow_tracker.self_describing_json.SelfDescribingJson object at 0x10b52a620>]}
[0m06:24:29.411564 [debug] [MainThread]: Flushing usage events


============================== 2023-05-15 01:47:46.172264 | 3869bb2e-8a19-4e74-b53d-c8392c77d7f0 ==============================
[0m01:47:46.172288 [info ] [MainThread]: Running with dbt=1.3.1
[0m01:47:46.173456 [debug] [MainThread]: running dbt with arguments {'write_json': True, 'use_colors': True, 'printer_width': 80, 'version_check': True, 'partial_parse': True, 'static_parser': True, 'profiles_dir': '/Users/allentsai/.dbt', 'send_anonymous_usage_stats': True, 'event_buffer_size': 100000, 'quiet': False, 'no_print': False, 'skip_profile_setup': False, 'which': 'init', 'indirect_selection': 'eager'}
[0m01:47:46.175293 [debug] [MainThread]: Tracking: tracking
[0m01:47:46.212029 [debug] [MainThread]: Sending event: {'category': 'dbt', 'action': 'invocation', 'label': 'start', 'context': [<snowplow_tracker.self_describing_json.SelfDescribingJson object at 0x10a67a1d0>, <snowplow_tracker.self_describing_json.SelfDescribingJson object at 0x10a67b400>, <snowplow_tracker.self_describing_json.SelfDescribingJson object at 0x10a6aaa70>]}
[0m01:50:12.920323 [debug] [MainThread]: Starter project path: /Library/Frameworks/Python.framework/Versions/3.10/lib/python3.10/site-packages/dbt/include/starter_project
[0m01:50:16.368943 [info ] [MainThread]: No sample profile found for sqlserver.
[0m01:50:16.369528 [info ] [MainThread]: 
Your new dbt project "coffee_shop" was created!

For more information on how to configure the profiles.yml file,
please consult the dbt documentation here:

  https://docs.getdbt.com/docs/configure-your-profile

One more thing:

Need help? Don't hesitate to reach out to us via GitHub issues or on Slack:

  https://community.getdbt.com/

Happy modeling!

[0m01:50:16.370480 [debug] [MainThread]: Sending event: {'category': 'dbt', 'action': 'invocation', 'label': 'end', 'context': [<snowplow_tracker.self_describing_json.SelfDescribingJson object at 0x10a6aa680>, <snowplow_tracker.self_describing_json.SelfDescribingJson object at 0x10a6aa7a0>, <snowplow_tracker.self_describing_json.SelfDescribingJson object at 0x10a6aa620>]}
[0m01:50:16.371161 [debug] [MainThread]: Flushing usage events


============================== 2023-05-15 03:33:32.710197 | b5a23441-d661-4ed0-8d2b-e3cc216349d2 ==============================
[0m03:33:32.710218 [info ] [MainThread]: Running with dbt=1.3.1
[0m03:33:32.711663 [debug] [MainThread]: running dbt with arguments {'write_json': True, 'use_colors': True, 'printer_width': 80, 'version_check': True, 'partial_parse': True, 'static_parser': True, 'profiles_dir': '/Users/allentsai/.dbt', 'send_anonymous_usage_stats': True, 'event_buffer_size': 100000, 'quiet': False, 'no_print': False, 'skip_profile_setup': False, 'which': 'init', 'indirect_selection': 'eager'}
[0m03:33:32.712464 [debug] [MainThread]: Tracking: tracking
[0m03:33:32.751055 [debug] [MainThread]: Sending event: {'category': 'dbt', 'action': 'invocation', 'label': 'start', 'context': [<snowplow_tracker.self_describing_json.SelfDescribingJson object at 0x10de3e1d0>, <snowplow_tracker.self_describing_json.SelfDescribingJson object at 0x10de3f400>, <snowplow_tracker.self_describing_json.SelfDescribingJson object at 0x10de6ea70>]}
[0m03:33:45.276873 [debug] [MainThread]: Starter project path: /Library/Frameworks/Python.framework/Versions/3.10/lib/python3.10/site-packages/dbt/include/starter_project
[0m03:33:49.261497 [info ] [MainThread]: No sample profile found for sqlserver.
[0m03:33:49.262215 [info ] [MainThread]: 
Your new dbt project "customers_orders" was created!

For more information on how to configure the profiles.yml file,
please consult the dbt documentation here:

  https://docs.getdbt.com/docs/configure-your-profile

One more thing:

Need help? Don't hesitate to reach out to us via GitHub issues or on Slack:

  https://community.getdbt.com/

Happy modeling!

[0m03:33:49.262928 [debug] [MainThread]: Sending event: {'category': 'dbt', 'action': 'invocation', 'label': 'end', 'context': [<snowplow_tracker.self_describing_json.SelfDescribingJson object at 0x10de6e680>, <snowplow_tracker.self_describing_json.SelfDescribingJson object at 0x10de6e7a0>, <snowplow_tracker.self_describing_json.SelfDescribingJson object at 0x10de6e620>]}
[0m03:33:49.263355 [debug] [MainThread]: Flushing usage events
